<?xml version="1.0" encoding="UTF-8"?>
<testng-results ignored="0" total="1" passed="1" failed="0" skipped="0">
  <reporter-output>
  </reporter-output>
  <suite started-at="2024-01-09T06:56:37Z" name="Default suite" finished-at="2024-01-09T06:56:41Z" duration-ms="3436">
    <groups>
    </groups>
    <test started-at="2024-01-09T06:56:37Z" name="Default test" finished-at="2024-01-09T06:56:41Z" duration-ms="3436">
      <class name="StaticJson">
        <test-method signature="addBook()[pri:0, instance:StaticJson@231f98ef]" started-at="2024-01-09T06:56:37Z" name="addBook" finished-at="2024-01-09T06:56:41Z" duration-ms="3405" status="PASS">
          <reporter-output>
          </reporter-output>
        </test-method> <!-- addBook -->
      </class> <!-- StaticJson -->
    </test> <!-- Default test -->
  </suite> <!-- Default suite -->
</testng-results>
